#
# There is insufficient memory for the Java Runtime Environment to continue.
# Native memory allocation (malloc) failed to allocate 32744 bytes for ChunkPool::allocate
# Possible reasons:
#   The system is out of physical RAM or swap space
#   In 32 bit mode, the process size limit was hit
# Possible solutions:
#   Reduce memory load on the system
#   Increase physical memory or swap space
#   Check if swap backing store is full
#   Use 64 bit Java on a 64 bit OS
#   Decrease Java heap size (-Xmx/-Xms)
#   Decrease number of Java threads
#   Decrease Java thread stack sizes (-Xss)
#   Set larger code cache with -XX:ReservedCodeCacheSize=
# This output file may be truncated or incomplete.
#
#  Out of Memory Error (allocation.cpp:273), pid=7216, tid=0x0000000000002fb4
#
# JRE version: Java(TM) SE Runtime Environment (8.0_162-b12) (build 1.8.0_162-b12)
# Java VM: Java HotSpot(TM) 64-Bit Server VM (25.162-b12 mixed mode windows-amd64 compressed oops)
# Failed to write core dump. Minidumps are not enabled by default on client versions of Windows
#

---------------  T H R E A D  ---------------

Current thread (0x0000000017ccf000):  JavaThread "C1 CompilerThread2" daemon [_thread_in_native, id=12212, stack(0x0000000018080000,0x0000000018180000)]

Stack: [0x0000000018080000,0x0000000018180000]
[error occurred during error reporting (printing stack bounds), id 0xc0000005]

Native frames: (J=compiled Java code, j=interpreted, Vv=VM code, C=native code)


Current CompileTask:
C1: 557075 6938   !   3       com.mysql.jdbc.EscapeProcessor::escapeSQL (1052 bytes)


---------------  P R O C E S S  ---------------

Java Threads: ( => current thread )
  0x000000001d94b000 JavaThread "DestroyJavaVM" [_thread_blocked, id=5504, stack(0x00000000026e0000,0x00000000027e0000)]
  0x000000001d946800 JavaThread "http-nio-8080-AsyncTimeout" daemon [_thread_blocked, id=6912, stack(0x00000000224e0000,0x00000000225e0000)]
  0x000000001d945800 JavaThread "http-nio-8080-Acceptor-0" daemon [_thread_in_native, id=10588, stack(0x00000000223e0000,0x00000000224e0000)]
  0x000000001d947000 JavaThread "http-nio-8080-ClientPoller-1" daemon [_thread_in_native, id=4896, stack(0x00000000222e0000,0x00000000223e0000)]
  0x000000001d948800 JavaThread "http-nio-8080-ClientPoller-0" daemon [_thread_in_native, id=5208, stack(0x00000000221e0000,0x00000000222e0000)]
  0x000000001d944000 JavaThread "http-nio-8080-exec-10" daemon [_thread_blocked, id=10780, stack(0x00000000220e0000,0x00000000221e0000)]
  0x000000001d948000 JavaThread "http-nio-8080-exec-9" daemon [_thread_blocked, id=8608, stack(0x0000000021fe0000,0x00000000220e0000)]
  0x000000001d949800 JavaThread "http-nio-8080-exec-8" daemon [_thread_blocked, id=10452, stack(0x0000000021ee0000,0x0000000021fe0000)]
  0x000000001d943800 JavaThread "http-nio-8080-exec-7" daemon [_thread_blocked, id=9228, stack(0x0000000021de0000,0x0000000021ee0000)]
  0x000000001d94a000 JavaThread "http-nio-8080-exec-6" daemon [_thread_blocked, id=8804, stack(0x0000000021ce0000,0x0000000021de0000)]
  0x000000001d6cd000 JavaThread "http-nio-8080-exec-5" daemon [_thread_blocked, id=7648, stack(0x0000000021be0000,0x0000000021ce0000)]
  0x000000001d6d0000 JavaThread "http-nio-8080-exec-4" daemon [_thread_blocked, id=7780, stack(0x0000000021ae0000,0x0000000021be0000)]
  0x000000001d6d3800 JavaThread "http-nio-8080-exec-3" daemon [_thread_blocked, id=6288, stack(0x00000000219e0000,0x0000000021ae0000)]
  0x000000001d6ce800 JavaThread "http-nio-8080-exec-2" daemon [_thread_blocked, id=10068, stack(0x00000000218e0000,0x00000000219e0000)]
  0x000000001d6cd800 JavaThread "http-nio-8080-exec-1" daemon [_thread_blocked, id=10876, stack(0x00000000207f0000,0x00000000208f0000)]
  0x000000001d6d0800 JavaThread "NioBlockingSelector.BlockPoller-1" daemon [_thread_in_native, id=9992, stack(0x00000000206f0000,0x00000000207f0000)]
  0x000000001d6d2000 JavaThread "Live Reload Server" daemon [_thread_in_native, id=12148, stack(0x00000000203e0000,0x00000000204e0000)]
  0x000000001d6cf000 JavaThread "File Watcher" daemon [_thread_blocked, id=10908, stack(0x000000001fba0000,0x000000001fca0000)]
  0x000000001d6d1800 JavaThread "HikariPool-1 housekeeper" daemon [_thread_blocked, id=6480, stack(0x000000001f3a0000,0x000000001f4a0000)]
  0x0000000018437800 JavaThread "Abandoned connection cleanup thread" daemon [_thread_blocked, id=5012, stack(0x000000001efa0000,0x000000001f0a0000)]
  0x000000001c34a000 JavaThread "container-0" [_thread_blocked, id=7048, stack(0x000000001eea0000,0x000000001efa0000)]
  0x0000000019aaf000 JavaThread "ContainerBackgroundProcessor[StandardEngine[Tomcat]]" daemon [_thread_blocked, id=1136, stack(0x000000001eda0000,0x000000001eea0000)]
  0x0000000017cda000 JavaThread "Service Thread" daemon [_thread_blocked, id=11788, stack(0x0000000018980000,0x0000000018a80000)]
=>0x0000000017ccf000 JavaThread "C1 CompilerThread2" daemon [_thread_in_native, id=12212, stack(0x0000000018080000,0x0000000018180000)]
  0x0000000017ccd800 JavaThread "C2 CompilerThread1" daemon [_thread_in_native, id=7212, stack(0x0000000017f80000,0x0000000018080000)]
  0x0000000017d20000 JavaThread "C2 CompilerThread0" daemon [_thread_in_native, id=9320, stack(0x0000000017e80000,0x0000000017f80000)]
  0x0000000017cb7800 JavaThread "Monitor Ctrl-Break" daemon [_thread_in_native, id=6008, stack(0x0000000017d80000,0x0000000017e80000)]
  0x0000000016326000 JavaThread "Attach Listener" daemon [_thread_blocked, id=5784, stack(0x0000000017880000,0x0000000017980000)]
  0x0000000016323000 JavaThread "Signal Dispatcher" daemon [_thread_blocked, id=1608, stack(0x0000000017780000,0x0000000017880000)]
  0x000000001630e800 JavaThread "Finalizer" daemon [_thread_blocked, id=10860, stack(0x0000000017590000,0x0000000017690000)]
  0x0000000002a77000 JavaThread "Reference Handler" daemon [_thread_blocked, id=9024, stack(0x0000000017490000,0x0000000017590000)]

Other Threads:
  0x00000000162e7000 VMThread [stack: 0x0000000017390000,0x0000000017490000] [id=7040]
  0x0000000018261800 WatcherThread [stack: 0x0000000018a80000,0x0000000018b80000] [id=9368]

VM state:not at safepoint (normal execution)

VM Mutex/Monitor currently owned by a thread: None

Heap:
 PSYoungGen      total 373248K, used 133649K [0x00000000e0800000, 0x00000000f9100000, 0x0000000100000000)
  eden space 362496K, 36% used [0x00000000e0800000,0x00000000e8a84560,0x00000000f6a00000)
  from space 10752K, 0% used [0x00000000f8680000,0x00000000f8680000,0x00000000f9100000)
  to   space 19968K, 0% used [0x00000000f6a00000,0x00000000f6a00000,0x00000000f7d80000)
 ParOldGen       total 81408K, used 30760K [0x00000000a1800000, 0x00000000a6780000, 0x00000000e0800000)
  object space 81408K, 37% used [0x00000000a1800000,0x00000000a360a3d8,0x00000000a6780000)
 Metaspace       used 62690K, capacity 65324K, committed 65560K, reserved 1105920K
  class space    used 8232K, capacity 8705K, committed 8752K, reserved 1048576K

Card table byte_map: [0x0000000011e40000,0x0000000012140000] byte_map_base: 0x0000000011934000

Marking Bits: (ParMarkBitMap*) 0x00000000763a0860
 Begin Bits: [0x0000000012740000, 0x0000000013ee0000)
 End Bits:   [0x0000000013ee0000, 0x0000000015680000)

Polling page: 0x0000000000940000

CodeCache: size=245760Kb used=19599Kb max_used=19599Kb free=226160Kb
 bounds [0x0000000002a80000, 0x0000000003dc0000, 0x0000000011a80000]
 total_blobs=6584 nmethods=5989 adapters=506
 compilation: enabled

Compilation events (10 events):
Event: 556.726 Thread 0x0000000017ccf000 6933       3       org.hibernate.internal.AbstractSharedSessionContract::isConnected (19 bytes)
Event: 556.726 Thread 0x0000000017ccf000 nmethod 6933 0x0000000003db20d0 code [0x0000000003db22a0, 0x0000000003db2af8]
Event: 556.727 Thread 0x0000000017ccf000 6934       3       java.util.IdentityHashMap::closeDeletion (107 bytes)
Event: 556.728 Thread 0x0000000017ccd800 6935   !   4       com.mysql.jdbc.PreparedStatement$ParseInfo::<init> (1265 bytes)
Event: 556.728 Thread 0x0000000017ccf000 nmethod 6934 0x0000000003db2d50 code [0x0000000003db2f20, 0x0000000003db3a08]
Event: 556.728 Thread 0x0000000017ccf000 6936       3       java.util.Collections$SingletonList::get (41 bytes)
Event: 556.729 Thread 0x0000000017ccf000 nmethod 6936 0x0000000003db3e10 code [0x0000000003db4000, 0x0000000003db4948]
Event: 556.729 Thread 0x0000000017ccf000 6937       3       com.mysql.jdbc.ConnectionImpl::serverSupportsConvertFn (8 bytes)
Event: 556.730 Thread 0x0000000017ccf000 nmethod 6937 0x0000000003db4d50 code [0x0000000003db4ee0, 0x0000000003db5338]
Event: 556.730 Thread 0x0000000017ccf000 6938   !   3       com.mysql.jdbc.EscapeProcessor::escapeSQL (1052 bytes)

GC Heap History (10 events):
Event: 8.453 GC heap before
{Heap before GC invocations=11 (full 2):
 PSYoungGen      total 199168K, used 7653K [0x00000000e0800000, 0x00000000f2180000, 0x0000000100000000)
  eden space 191488K, 0% used [0x00000000e0800000,0x00000000e0800000,0x00000000ec300000)
  from space 7680K, 99% used [0x00000000ec300000,0x00000000eca79718,0x00000000eca80000)
  to   space 12800K, 0% used [0x00000000f1500000,0x00000000f1500000,0x00000000f2180000)
 ParOldGen       total 37888K, used 18156K [0x00000000a1800000, 0x00000000a3d00000, 0x00000000e0800000)
  object space 37888K, 47% used [0x00000000a1800000,0x00000000a29bb228,0x00000000a3d00000)
 Metaspace       used 33789K, capacity 35318K, committed 35496K, reserved 1079296K
  class space    used 4382K, capacity 4690K, committed 4784K, reserved 1048576K
Event: 8.547 GC heap after
Heap after GC invocations=11 (full 2):
 PSYoungGen      total 199168K, used 0K [0x00000000e0800000, 0x00000000f2180000, 0x0000000100000000)
  eden space 191488K, 0% used [0x00000000e0800000,0x00000000e0800000,0x00000000ec300000)
  from space 7680K, 0% used [0x00000000ec300000,0x00000000ec300000,0x00000000eca80000)
  to   space 12800K, 0% used [0x00000000f1500000,0x00000000f1500000,0x00000000f2180000)
 ParOldGen       total 60928K, used 21560K [0x00000000a1800000, 0x00000000a5380000, 0x00000000e0800000)
  object space 60928K, 35% used [0x00000000a1800000,0x00000000a2d0e0b0,0x00000000a5380000)
 Metaspace       used 33789K, capacity 35318K, committed 35496K, reserved 1079296K
  class space    used 4382K, capacity 4690K, committed 4784K, reserved 1048576K
}
Event: 10.857 GC heap before
{Heap before GC invocations=12 (full 2):
 PSYoungGen      total 199168K, used 191488K [0x00000000e0800000, 0x00000000f2180000, 0x0000000100000000)
  eden space 191488K, 100% used [0x00000000e0800000,0x00000000ec300000,0x00000000ec300000)
  from space 7680K, 0% used [0x00000000ec300000,0x00000000ec300000,0x00000000eca80000)
  to   space 12800K, 0% used [0x00000000f1500000,0x00000000f1500000,0x00000000f2180000)
 ParOldGen       total 60928K, used 21560K [0x00000000a1800000, 0x00000000a5380000, 0x00000000e0800000)
  object space 60928K, 35% used [0x00000000a1800000,0x00000000a2d0e0b0,0x00000000a5380000)
 Metaspace       used 45027K, capacity 46688K, committed 47016K, reserved 1089536K
  class space    used 5921K, capacity 6243K, committed 6320K, reserved 1048576K
Event: 10.880 GC heap after
Heap after GC invocations=12 (full 2):
 PSYoungGen      total 273408K, used 12794K [0x00000000e0800000, 0x00000000f3580000, 0x0000000100000000)
  eden space 260608K, 0% used [0x00000000e0800000,0x00000000e0800000,0x00000000f0680000)
  from space 12800K, 99% used [0x00000000f1500000,0x00000000f217ea90,0x00000000f2180000)
  to   space 14848K, 0% used [0x00000000f0680000,0x00000000f0680000,0x00000000f1500000)
 ParOldGen       total 60928K, used 21831K [0x00000000a1800000, 0x00000000a5380000, 0x00000000e0800000)
  object space 60928K, 35% used [0x00000000a1800000,0x00000000a2d51fc8,0x00000000a5380000)
 Metaspace       used 45027K, capacity 46688K, committed 47016K, reserved 1089536K
  class space    used 5921K, capacity 6243K, committed 6320K, reserved 1048576K
}
Event: 26.140 GC heap before
{Heap before GC invocations=13 (full 2):
 PSYoungGen      total 273408K, used 273402K [0x00000000e0800000, 0x00000000f3580000, 0x0000000100000000)
  eden space 260608K, 100% used [0x00000000e0800000,0x00000000f0680000,0x00000000f0680000)
  from space 12800K, 99% used [0x00000000f1500000,0x00000000f217ea90,0x00000000f2180000)
  to   space 14848K, 0% used [0x00000000f0680000,0x00000000f0680000,0x00000000f1500000)
 ParOldGen       total 60928K, used 21831K [0x00000000a1800000, 0x00000000a5380000, 0x00000000e0800000)
  object space 60928K, 35% used [0x00000000a1800000,0x00000000a2d51fc8,0x00000000a5380000)
 Metaspace       used 55537K, capacity 58040K, committed 58280K, reserved 1099776K
  class space    used 7360K, capacity 7827K, committed 7856K, reserved 1048576K
Event: 26.183 GC heap after
Heap after GC invocations=13 (full 2):
 PSYoungGen      total 275456K, used 14831K [0x00000000e0800000, 0x00000000f9a00000, 0x0000000100000000)
  eden space 260608K, 0% used [0x00000000e0800000,0x00000000e0800000,0x00000000f0680000)
  from space 14848K, 99% used [0x00000000f0680000,0x00000000f14fbe98,0x00000000f1500000)
  to   space 19968K, 0% used [0x00000000f8680000,0x00000000f8680000,0x00000000f9a00000)
 ParOldGen       total 60928K, used 30322K [0x00000000a1800000, 0x00000000a5380000, 0x00000000e0800000)
  object space 60928K, 49% used [0x00000000a1800000,0x00000000a359ca28,0x00000000a5380000)
 Metaspace       used 55537K, capacity 58040K, committed 58280K, reserved 1099776K
  class space    used 7360K, capacity 7827K, committed 7856K, reserved 1048576K
}
Event: 39.618 GC heap before
{Heap before GC invocations=14 (full 2):
 PSYoungGen      total 275456K, used 42096K [0x00000000e0800000, 0x00000000f9a00000, 0x0000000100000000)
  eden space 260608K, 10% used [0x00000000e0800000,0x00000000e22a0290,0x00000000f0680000)
  from space 14848K, 99% used [0x00000000f0680000,0x00000000f14fbe98,0x00000000f1500000)
  to   space 19968K, 0% used [0x00000000f8680000,0x00000000f8680000,0x00000000f9a00000)
 ParOldGen       total 60928K, used 30322K [0x00000000a1800000, 0x00000000a5380000, 0x00000000e0800000)
  object space 60928K, 49% used [0x00000000a1800000,0x00000000a359ca28,0x00000000a5380000)
 Metaspace       used 56656K, capacity 59138K, committed 59160K, reserved 1099776K
  class space    used 7509K, capacity 7972K, committed 7984K, reserved 1048576K
Event: 39.643 GC heap after
Heap after GC invocations=14 (full 2):
 PSYoungGen      total 373248K, used 1282K [0x00000000e0800000, 0x00000000f9100000, 0x0000000100000000)
  eden space 362496K, 0% used [0x00000000e0800000,0x00000000e0800000,0x00000000f6a00000)
  from space 10752K, 11% used [0x00000000f8680000,0x00000000f87c0bf8,0x00000000f9100000)
  to   space 19968K, 0% used [0x00000000f6a00000,0x00000000f6a00000,0x00000000f7d80000)
 ParOldGen       total 60928K, used 40522K [0x00000000a1800000, 0x00000000a5380000, 0x00000000e0800000)
  object space 60928K, 66% used [0x00000000a1800000,0x00000000a3f92a78,0x00000000a5380000)
 Metaspace       used 56656K, capacity 59138K, committed 59160K, reserved 1099776K
  class space    used 7509K, capacity 7972K, committed 7984K, reserved 1048576K
}
Event: 39.643 GC heap before
{Heap before GC invocations=15 (full 3):
 PSYoungGen      total 373248K, used 1282K [0x00000000e0800000, 0x00000000f9100000, 0x0000000100000000)
  eden space 362496K, 0% used [0x00000000e0800000,0x00000000e0800000,0x00000000f6a00000)
  from space 10752K, 11% used [0x00000000f8680000,0x00000000f87c0bf8,0x00000000f9100000)
  to   space 19968K, 0% used [0x00000000f6a00000,0x00000000f6a00000,0x00000000f7d80000)
 ParOldGen       total 60928K, used 40522K [0x00000000a1800000, 0x00000000a5380000, 0x00000000e0800000)
  object space 60928K, 66% used [0x00000000a1800000,0x00000000a3f92a78,0x00000000a5380000)
 Metaspace       used 56656K, capacity 59138K, committed 59160K, reserved 1099776K
  class space    used 7509K, capacity 7972K, committed 7984K, reserved 1048576K
Event: 39.964 GC heap after
Heap after GC invocations=15 (full 3):
 PSYoungGen      total 373248K, used 0K [0x00000000e0800000, 0x00000000f9100000, 0x0000000100000000)
  eden space 362496K, 0% used [0x00000000e0800000,0x00000000e0800000,0x00000000f6a00000)
  from space 10752K, 0% used [0x00000000f8680000,0x00000000f8680000,0x00000000f9100000)
  to   space 19968K, 0% used [0x00000000f6a00000,0x00000000f6a00000,0x00000000f7d80000)
 ParOldGen       total 81408K, used 30760K [0x00000000a1800000, 0x00000000a6780000, 0x00000000e0800000)
  object space 81408K, 37% used [0x00000000a1800000,0x00000000a360a3d8,0x00000000a6780000)
 Metaspace       used 56652K, capacity 59132K, committed 59160K, reserved 1099776K
  class space    used 7508K, capacity 7971K, committed 7984K, reserved 1048576K
}

Deoptimization events (10 events):
Event: 40.297 Thread 0x000000001d6cd800 Uncommon trap: reason=bimorphic action=maybe_recompile pc=0x00000000038204b4 method=java.util.Collections$UnmodifiableCollection.contains(Ljava/lang/Object;)Z @ 5
Event: 40.838 Thread 0x000000001d6cd800 Uncommon trap: reason=unstable_if action=reinterpret pc=0x0000000003112380 method=java.nio.Buffer.limit(I)Ljava/nio/Buffer; @ 33
Event: 65.462 Thread 0x000000001d6d3800 Uncommon trap: reason=null_check action=make_not_entrant pc=0x0000000003bc7eb0 method=org.springframework.core.annotation.AnnotatedElementUtils.searchWithGetSemanticsInAnnotations(Ljava/lang/reflect/AnnotatedElement;Ljava/util/List;Ljava/lang/Class;Ljava/
Event: 65.557 Thread 0x000000001d6d3800 Uncommon trap: reason=unstable_if action=reinterpret pc=0x00000000033d2124 method=java.util.StringTokenizer.scanToken(I)I @ 96
Event: 65.865 Thread 0x000000001d6d3800 Uncommon trap: reason=bimorphic action=maybe_recompile pc=0x000000000312bf10 method=java.util.Hashtable.get(Ljava/lang/Object;)Ljava/lang/Object; @ 45
Event: 65.875 Thread 0x000000001d6d3800 Uncommon trap: reason=bimorphic action=maybe_recompile pc=0x000000000312bf10 method=java.util.Hashtable.get(Ljava/lang/Object;)Ljava/lang/Object; @ 45
Event: 65.876 Thread 0x000000001d6d3800 Uncommon trap: reason=unstable_if action=reinterpret pc=0x0000000002b970c0 method=java.lang.CharacterData.of(I)Ljava/lang/CharacterData; @ 4
Event: 65.883 Thread 0x000000001d6d3800 Uncommon trap: reason=unstable_if action=reinterpret pc=0x0000000002cde25c method=java.util.regex.Pattern$BmpCharProperty.match(Ljava/util/regex/Matcher;ILjava/lang/CharSequence;)Z @ 34
Event: 156.187 Thread 0x000000001d948000 Uncommon trap: reason=unstable_if action=reinterpret pc=0x000000000347dbd8 method=sun.nio.cs.UTF_8$Decoder.decodeArrayLoop(Ljava/nio/ByteBuffer;Ljava/nio/CharBuffer;)Ljava/nio/charset/CoderResult; @ 84
Event: 477.402 Thread 0x000000001d943800 Uncommon trap: reason=unstable_if action=reinterpret pc=0x0000000003d356bc method=com.mysql.jdbc.util.ReadAheadInputStream.readFromUnderlyingStreamIfNecessary([BII)I @ 203

Classes redefined (0 events):
No events

Internal exceptions (10 events):
Event: 40.043 Thread 0x000000001d6cd800 Exception <a 'java/lang/ClassNotFoundException': org/springframework/web/context/support/WebApplicationObjectSupportCustomizer> (0x00000000e0d375b0) thrown at [C:\re\workspace\8-2-build-windows-amd64-cygwin\jdk8u162\10278\hotspot\src\share\vm\classfile\sy
Event: 40.045 Thread 0x000000001d6cd800 Exception <a 'java/lang/ClassNotFoundException': org/thymeleaf/spring5/view/AbstractThymeleafViewCustomizer> (0x00000000e0d535a0) thrown at [C:\re\workspace\8-2-build-windows-amd64-cygwin\jdk8u162\10278\hotspot\src\share\vm\classfile\systemDictionary.cpp,
Event: 40.046 Thread 0x000000001d6cd800 Exception <a 'java/lang/ClassNotFoundException': org/thymeleaf/spring5/view/ThymeleafViewCustomizer> (0x00000000e0d7d430) thrown at [C:\re\workspace\8-2-build-windows-amd64-cygwin\jdk8u162\10278\hotspot\src\share\vm\classfile\systemDictionary.cpp, line 21
Event: 40.049 Thread 0x000000001d6cd800 Exception <a 'java/lang/ClassNotFoundException': org/springframework/web/servlet/ViewCustomizer> (0x00000000e0da1d58) thrown at [C:\re\workspace\8-2-build-windows-amd64-cygwin\jdk8u162\10278\hotspot\src\share\vm\classfile\systemDictionary.cpp, line 210]
Event: 40.053 Thread 0x000000001d6cd800 Exception <a 'java/lang/ClassNotFoundException': org/springframework/beans/factory/BeanNameAwareCustomizer> (0x00000000e0dbe9f0) thrown at [C:\re\workspace\8-2-build-windows-amd64-cygwin\jdk8u162\10278\hotspot\src\share\vm\classfile\systemDictionary.cpp, 
Event: 40.055 Thread 0x000000001d6cd800 Exception <a 'java/lang/ClassNotFoundException': org/springframework/web/context/ServletContextAwareCustomizer> (0x00000000e0ddacd8) thrown at [C:\re\workspace\8-2-build-windows-amd64-cygwin\jdk8u162\10278\hotspot\src\share\vm\classfile\systemDictionary.c
Event: 40.057 Thread 0x000000001d6cd800 Exception <a 'java/lang/ClassNotFoundException': org/springframework/context/ApplicationContextAwareCustomizer> (0x00000000e0df7008) thrown at [C:\re\workspace\8-2-build-windows-amd64-cygwin\jdk8u162\10278\hotspot\src\share\vm\classfile\systemDictionary.c
Event: 65.462 Thread 0x000000001d6d3800 Implicit null exception at 0x0000000003bc56e2 to 0x0000000003bc7e8d
Event: 66.330 Thread 0x000000001d6d3800 Exception <a 'java/lang/NoSuchMethodError': java.lang.Object.lambda$mapIfAllPresent$6(Ljava/util/Optional;Ljava/util/function/BiFunction;Ljava/lang/Object;)Ljava/util/Optional;> (0x00000000e42f2838) thrown at [C:\re\workspace\8-2-build-windows-amd64-cygwi
Event: 66.331 Thread 0x000000001d6d3800 Exception <a 'java/lang/NoSuchMethodError': java.lang.Object.lambda$null$5(Ljava/util/function/BiFunction;Ljava/lang/Object;Ljava/lang/Object;)Ljava/lang/Object;> (0x00000000e42f74c8) thrown at [C:\re\workspace\8-2-build-windows-amd64-cygwin\jdk8u162\1027

Events (10 events):
Event: 514.096 Executing VM operation: RevokeBias
Event: 514.096 Executing VM operation: RevokeBias done
Event: 519.149 Executing VM operation: RevokeBias
Event: 519.150 Executing VM operation: RevokeBias done
Event: 519.150 Executing VM operation: RevokeBias
Event: 519.150 Executing VM operation: RevokeBias done
Event: 519.150 Executing VM operation: RevokeBias
Event: 519.150 Executing VM operation: RevokeBias done
Event: 556.728 Thread 0x000000001d6cd800 DEOPT PACKING pc=0x0000000003cbb77a sp=0x00000000208eb2c0
Event: 556.728 Thread 0x000000001d6cd800 DEOPT UNPACKING pc=0x0000000002ac7890 sp=0x00000000208eb178 mode 0


Dynamic libraries:
0x00007ff69ef60000 - 0x00007ff69ef97000 	C:\Program Files\Java\jdk1.8.0_162\bin\java.exe
0x00007fff5e030000 - 0x00007fff5e211000 	C:\WINDOWS\SYSTEM32\ntdll.dll
0x00007fff5b4c0000 - 0x00007fff5b572000 	C:\WINDOWS\System32\KERNEL32.DLL
0x00007fff5a850000 - 0x00007fff5aac3000 	C:\WINDOWS\System32\KERNELBASE.dll
0x00007fff5c270000 - 0x00007fff5c311000 	C:\WINDOWS\System32\ADVAPI32.dll
0x00007fff5d9d0000 - 0x00007fff5da6e000 	C:\WINDOWS\System32\msvcrt.dll
0x00007fff5c020000 - 0x00007fff5c07b000 	C:\WINDOWS\System32\sechost.dll
0x00007fff5b580000 - 0x00007fff5b6a4000 	C:\WINDOWS\System32\RPCRT4.dll
0x00007fff5dbb0000 - 0x00007fff5dd40000 	C:\WINDOWS\System32\USER32.dll
0x00007fff5b1e0000 - 0x00007fff5b200000 	C:\WINDOWS\System32\win32u.dll
0x00007fff5b9e0000 - 0x00007fff5ba08000 	C:\WINDOWS\System32\GDI32.dll
0x00007fff5b280000 - 0x00007fff5b412000 	C:\WINDOWS\System32\gdi32full.dll
0x00007fff5b420000 - 0x00007fff5b4bf000 	C:\WINDOWS\System32\msvcp_win.dll
0x00007fff5a6f0000 - 0x00007fff5a7ea000 	C:\WINDOWS\System32\ucrtbase.dll
0x00007fff54860000 - 0x00007fff54ac9000 	C:\WINDOWS\WinSxS\amd64_microsoft.windows.common-controls_6595b64144ccf1df_6.0.17134.407_none_fb449d63306391e9\COMCTL32.dll
0x00007fff5b6b0000 - 0x00007fff5b9d2000 	C:\WINDOWS\System32\combase.dll
0x00007fff5b200000 - 0x00007fff5b27a000 	C:\WINDOWS\System32\bcryptPrimitives.dll
0x00007fff5db60000 - 0x00007fff5db8d000 	C:\WINDOWS\System32\IMM32.DLL
0x0000000076420000 - 0x00000000764f1000 	C:\Program Files\Java\jdk1.8.0_162\jre\bin\msvcr100.dll
0x0000000075b80000 - 0x0000000076420000 	C:\Program Files\Java\jdk1.8.0_162\jre\bin\server\jvm.dll
0x00007fff5dfe0000 - 0x00007fff5dfe8000 	C:\WINDOWS\System32\PSAPI.DLL
0x00007fff560d0000 - 0x00007fff560da000 	C:\WINDOWS\SYSTEM32\VERSION.dll
0x00007fff57eb0000 - 0x00007fff57ed3000 	C:\WINDOWS\SYSTEM32\WINMM.dll
0x00007fff57e80000 - 0x00007fff57eaa000 	C:\WINDOWS\SYSTEM32\winmmbase.dll
0x00007fff5a400000 - 0x00007fff5a449000 	C:\WINDOWS\System32\cfgmgr32.dll
0x00007fff58100000 - 0x00007fff58109000 	C:\WINDOWS\SYSTEM32\WSOCK32.dll
0x00007fff5c3a0000 - 0x00007fff5c40c000 	C:\WINDOWS\System32\WS2_32.dll
0x0000000050140000 - 0x000000005014f000 	C:\Program Files\Java\jdk1.8.0_162\jre\bin\verify.dll
0x0000000050020000 - 0x0000000050049000 	C:\Program Files\Java\jdk1.8.0_162\jre\bin\java.dll
0x0000000077ef0000 - 0x0000000077f13000 	C:\Program Files\Java\jdk1.8.0_162\jre\bin\instrument.dll
0x0000000050120000 - 0x0000000050136000 	C:\Program Files\Java\jdk1.8.0_162\jre\bin\zip.dll
0x00007fff5c410000 - 0x00007fff5d84f000 	C:\WINDOWS\System32\SHELL32.dll
0x00007fff5c1c0000 - 0x00007fff5c269000 	C:\WINDOWS\System32\shcore.dll
0x00007fff5aad0000 - 0x00007fff5b1dd000 	C:\WINDOWS\System32\windows.storage.dll
0x00007fff5dee0000 - 0x00007fff5df31000 	C:\WINDOWS\System32\shlwapi.dll
0x00007fff5a3e0000 - 0x00007fff5a3f1000 	C:\WINDOWS\System32\kernel.appcore.dll
0x00007fff5a370000 - 0x00007fff5a38f000 	C:\WINDOWS\System32\profapi.dll
0x00007fff5a390000 - 0x00007fff5a3dc000 	C:\WINDOWS\System32\powrprof.dll
0x00007fff5a360000 - 0x00007fff5a36a000 	C:\WINDOWS\System32\FLTLIB.DLL
0x00007fff55c20000 - 0x00007fff55c3a000 	C:\Program Files\JetBrains\IntelliJ IDEA Community Edition 2018.2.4\bin\breakgen64.dll
0x0000000050000000 - 0x000000005001a000 	C:\Program Files\Java\jdk1.8.0_162\jre\bin\net.dll
0x00007fff59bc0000 - 0x00007fff59c26000 	C:\WINDOWS\system32\mswsock.dll
0x0000000077ec0000 - 0x0000000077ecd000 	C:\Program Files\Java\jdk1.8.0_162\jre\bin\management.dll
0x00007fff49010000 - 0x00007fff49026000 	C:\WINDOWS\system32\napinsp.dll
0x00007fff46570000 - 0x00007fff4658a000 	C:\WINDOWS\system32\pnrpnsp.dll
0x00007fff56c50000 - 0x00007fff56c69000 	C:\WINDOWS\system32\NLAapi.dll
0x00007fff59980000 - 0x00007fff59a3e000 	C:\WINDOWS\SYSTEM32\DNSAPI.dll
0x00007fff5c1b0000 - 0x00007fff5c1b8000 	C:\WINDOWS\System32\NSI.dll
0x00007fff59940000 - 0x00007fff59978000 	C:\WINDOWS\SYSTEM32\IPHLPAPI.DLL
0x00007fff4bf90000 - 0x00007fff4bf9e000 	C:\WINDOWS\System32\winrnr.dll
0x00007fff50850000 - 0x00007fff50865000 	C:\WINDOWS\System32\wshbth.dll
0x00007fff4d090000 - 0x00007fff4d09a000 	C:\Windows\System32\rasadhlp.dll
0x00007fff4db00000 - 0x00007fff4db72000 	C:\WINDOWS\System32\fwpuclnt.dll
0x00007fff59ea0000 - 0x00007fff59ec5000 	C:\WINDOWS\SYSTEM32\bcrypt.dll
0x0000000077ed0000 - 0x0000000077ee1000 	C:\Program Files\Java\jdk1.8.0_162\jre\bin\nio.dll
0x00007fff59d70000 - 0x00007fff59d87000 	C:\WINDOWS\SYSTEM32\CRYPTSP.dll
0x00007fff597a0000 - 0x00007fff597d3000 	C:\WINDOWS\system32\rsaenh.dll
0x00007fff5a270000 - 0x00007fff5a298000 	C:\WINDOWS\SYSTEM32\USERENV.dll
0x00007fff59d90000 - 0x00007fff59d9b000 	C:\WINDOWS\SYSTEM32\CRYPTBASE.dll
0x00007fff4f3d0000 - 0x00007fff4f3e6000 	C:\WINDOWS\SYSTEM32\dhcpcsvc6.DLL
0x00007fff50430000 - 0x00007fff5044a000 	C:\WINDOWS\SYSTEM32\dhcpcsvc.DLL

VM Arguments:
jvm_args: -javaagent:C:\Program Files\JetBrains\IntelliJ IDEA Community Edition 2018.2.4\lib\idea_rt.jar=54451:C:\Program Files\JetBrains\IntelliJ IDEA Community Edition 2018.2.4\bin -Dfile.encoding=UTF-8 
java_command: com.kaufland.vmdb.VmdbApplication
java_class_path (initial): C:\Program Files\Java\jdk1.8.0_162\jre\lib\charsets.jar;C:\Program Files\Java\jdk1.8.0_162\jre\lib\deploy.jar;C:\Program Files\Java\jdk1.8.0_162\jre\lib\ext\access-bridge-64.jar;C:\Program Files\Java\jdk1.8.0_162\jre\lib\ext\cldrdata.jar;C:\Program Files\Java\jdk1.8.0_162\jre\lib\ext\dnsns.jar;C:\Program Files\Java\jdk1.8.0_162\jre\lib\ext\jaccess.jar;C:\Program Files\Java\jdk1.8.0_162\jre\lib\ext\jfxrt.jar;C:\Program Files\Java\jdk1.8.0_162\jre\lib\ext\localedata.jar;C:\Program Files\Java\jdk1.8.0_162\jre\lib\ext\nashorn.jar;C:\Program Files\Java\jdk1.8.0_162\jre\lib\ext\sunec.jar;C:\Program Files\Java\jdk1.8.0_162\jre\lib\ext\sunjce_provider.jar;C:\Program Files\Java\jdk1.8.0_162\jre\lib\ext\sunmscapi.jar;C:\Program Files\Java\jdk1.8.0_162\jre\lib\ext\sunpkcs11.jar;C:\Program Files\Java\jdk1.8.0_162\jre\lib\ext\zipfs.jar;C:\Program Files\Java\jdk1.8.0_162\jre\lib\javaws.jar;C:\Program Files\Java\jdk1.8.0_162\jre\lib\jce.jar;C:\Program Files\Java\jdk1.8.0_162\jre\lib\jfr.jar;C:\Program Files\Java\jdk1.8.0_162\jre\lib\jfxswt.jar;C:\Program Files\Java\jdk1.8.0_162\jre\lib\jsse.jar;C:\Program Files\Java\jdk1.8.0_162\jre\lib\management-agent.jar;C:\Program Files\Java\jdk1.8.0_162\jre\lib\plugin.jar;C:\Program Files\Java\jdk1.8.0_162\jre\lib\resources.jar;C:\Program Files\Java\jdk1.8.0_162\jre\lib\rt.jar;C:\wr\kf\VMDb-Angular\VMDb\backend\target\classes;C:\Users\vladi\.m2\repository\org\springframework\boot\spring-boot-starter-data-jpa\2.0.5.RELEASE\spring-boot-starter-data-jpa-2.0.5.RELEASE.jar;C:\Users\vladi\.m2\repository\org\springframework\boot\spring-boot-starter\2.0.5.RELEASE\spring-boot-starter-2.0.5.RELEASE.jar;C:\Users\vladi\.m2\repository\org\springframework\boot\spring-boot-starter-logging\2.0.5.RELEASE\spring-boot-starter-logging-2.0.5.RELEASE.jar;C:\Users\vladi\.m2\repository\ch\qos\logback\logback-classic\1.2.3\logback-classic-1.2.3.jar;C:\Users\vladi\.m2\repository\ch\qos\logback\logback-core\1.2.3\logback-core-1.2.3.jar;C:\U
Launcher Type: SUN_STANDARD

Environment Variables:
CLASSPATH=C:\Program Files\Java\jdk1.8.0_162\jre\lib
PATH=C:\Program Files (x86)\Common Files\Oracle\Java\javapath;C:\ProgramData\Oracle\Java\javapath;C:\Windows\system32;C:\Windows;C:\Windows\System32\Wbem;C:\Windows\System32\WindowsPowerShell\v1.0\;C:\WINDOWS\system32;C:\WINDOWS;C:\WINDOWS\System32\Wbem;C:\WINDOWS\System32\WindowsPowerShell\v1.0\;C:\Program Files\Git\cmd;C:\WINDOWS\System32\OpenSSH\;C:\Program Files\Microsoft VS Code\bin;C:\Program Files\nodejs\;C:\Program Files (x86)\NVIDIA Corporation\PhysX\Common;C:\Users\vladi\AppData\Local\Microsoft\WindowsApps;C:\Users\vladi\AppData\Local\Programs\Fiddler;C:\Users\vladi\AppData\Local\Microsoft\WindowsApps;C:\Users\vladi\AppData\Roaming\npm;C:\Program Files\Java\jdk1.8.0_162\bin;
USERNAME=vladi
OS=Windows_NT
PROCESSOR_IDENTIFIER=Intel64 Family 6 Model 69 Stepping 1, GenuineIntel



---------------  S Y S T E M  ---------------

OS: Windows 10.0 , 64 bit Build 17134 (10.0.17134.1)

CPU:total 4 (initial active 4) (2 cores per cpu, 2 threads per core) family 6 model 69 stepping 1, cmov, cx8, fxsr, mmx, sse, sse2, sse3, ssse3, sse4.1, sse4.2, popcnt, avx, avx2, aes, clmul, erms, lzcnt, ht, tsc, tscinvbit, bmi1, bmi2

Memory: 4k page, physical 6185324k(693772k free), swap 7414124k(2760k free)

vm_info: Java HotSpot(TM) 64-Bit Server VM (25.162-b12) for windows-amd64 JRE (1.8.0_162-b12), built on Dec 19 2017 20:00:03 by "java_re" with MS VC++ 10.0 (VS2010)

time: Tue Dec 11 14:23:53 2018
elapsed time: 557 seconds (0d 0h 9m 17s)

